Determining if the pthread_create exist failed with the following output:
Change Dir: /home/ares/penghao/github/Indigo/catkin_ws/build/CMakeFiles/CMakeTmp

Run Build Command:/usr/bin/make "cmTryCompileExec1360623368/fast"
/usr/bin/make -f CMakeFiles/cmTryCompileExec1360623368.dir/build.make CMakeFiles/cmTryCompileExec1360623368.dir/build
make[1]: Entering directory `/home/ares/penghao/github/Indigo/catkin_ws/build/CMakeFiles/CMakeTmp'
/usr/bin/cmake -E cmake_progress_report /home/ares/penghao/github/Indigo/catkin_ws/build/CMakeFiles/CMakeTmp/CMakeFiles 1
Building C object CMakeFiles/cmTryCompileExec1360623368.dir/CheckSymbolExists.c.o
/usr/bin/cc    -o CMakeFiles/cmTryCompileExec1360623368.dir/CheckSymbolExists.c.o   -c /home/ares/penghao/github/Indigo/catkin_ws/build/CMakeFiles/CMakeTmp/CheckSymbolExists.c
Linking C executable cmTryCompileExec1360623368
/usr/bin/cmake -E cmake_link_script CMakeFiles/cmTryCompileExec1360623368.dir/link.txt --verbose=1
/usr/bin/cc       CMakeFiles/cmTryCompileExec1360623368.dir/CheckSymbolExists.c.o  -o cmTryCompileExec1360623368 -rdynamic 
CMakeFiles/cmTryCompileExec1360623368.dir/CheckSymbolExists.c.o: In function `main':
CheckSymbolExists.c:(.text+0xa): undefined reference to `pthread_create'
make[1]: Leaving directory `/home/ares/penghao/github/Indigo/catkin_ws/build/CMakeFiles/CMakeTmp'
collect2: error: ld returned 1 exit status
make[1]: *** [cmTryCompileExec1360623368] Error 1
make: *** [cmTryCompileExec1360623368/fast] Error 2

File /home/ares/penghao/github/Indigo/catkin_ws/build/CMakeFiles/CMakeTmp/CheckSymbolExists.c:
/* */
#include <pthread.h>

int main(int argc, char** argv)
{
  (void)argv;
#ifndef pthread_create
  return ((int*)(&pthread_create))[argc];
#else
  (void)argc;
  return 0;
#endif
}

Determining if the function pthread_create exists in the pthreads failed with the following output:
Change Dir: /home/ares/penghao/github/Indigo/catkin_ws/build/CMakeFiles/CMakeTmp

Run Build Command:/usr/bin/make "cmTryCompileExec913015299/fast"
/usr/bin/make -f CMakeFiles/cmTryCompileExec913015299.dir/build.make CMakeFiles/cmTryCompileExec913015299.dir/build
make[1]: Entering directory `/home/ares/penghao/github/Indigo/catkin_ws/build/CMakeFiles/CMakeTmp'
/usr/bin/cmake -E cmake_progress_report /home/ares/penghao/github/Indigo/catkin_ws/build/CMakeFiles/CMakeTmp/CMakeFiles 1
Building C object CMakeFiles/cmTryCompileExec913015299.dir/CheckFunctionExists.c.o
/usr/bin/cc   -DCHECK_FUNCTION_EXISTS=pthread_create   -o CMakeFiles/cmTryCompileExec913015299.dir/CheckFunctionExists.c.o   -c /usr/share/cmake-2.8/Modules/CheckFunctionExists.c
Linking C executable cmTryCompileExec913015299
/usr/bin/cmake -E cmake_link_script CMakeFiles/cmTryCompileExec913015299.dir/link.txt --verbose=1
/usr/bin/cc   -DCHECK_FUNCTION_EXISTS=pthread_create    CMakeFiles/cmTryCompileExec913015299.dir/CheckFunctionExists.c.o  -o cmTryCompileExec913015299 -rdynamic -lpthreads 
/usr/bin/ld: cannot find -lpthreads
collect2: error: ld returned 1 exit status
make[1]: Leaving directory `/home/ares/penghao/github/Indigo/catkin_ws/build/CMakeFiles/CMakeTmp'
make[1]: *** [cmTryCompileExec913015299] Error 1
make: *** [cmTryCompileExec913015299/fast] Error 2


